<?xml version="1.0" encoding="UTF-8"?>
<testng-results skipped="0" failed="0" ignored="0" total="1" passed="1">
  <reporter-output>
  </reporter-output>
  <suite name="Default suite" duration-ms="299961" started-at="2020-01-03T10:26:36 IST" finished-at="2020-01-03T10:31:36 IST">
    <groups>
    </groups>
    <test name="Default test" duration-ms="299961" started-at="2020-01-03T10:26:36 IST" finished-at="2020-01-03T10:31:36 IST">
      <class name="com.project.Test.loginTest">
        <test-method status="PASS" signature="setupDeviceCapability()[pri:0, instance:com.project.Test.loginTest@58c1670b]" name="setupDeviceCapability" is-config="true" duration-ms="167768" started-at="2020-01-03T10:26:36 IST" finished-at="2020-01-03T10:29:24 IST">
          <reporter-output>
          </reporter-output>
        </test-method> <!-- setupDeviceCapability -->
        <test-method status="PASS" signature="goTologinPageswithValide()[pri:0, instance:com.project.Test.loginTest@58c1670b]" name="goTologinPageswithValide" duration-ms="130844" started-at="2020-01-03T10:29:24 IST" description="Go to login Pages with valid email and password" finished-at="2020-01-03T10:31:35 IST">
          <reporter-output>
          </reporter-output>
        </test-method> <!-- goTologinPageswithValide -->
        <test-method status="PASS" signature="tearDown()[pri:0, instance:com.project.Test.loginTest@58c1670b]" name="tearDown" is-config="true" duration-ms="1208" started-at="2020-01-03T10:31:35 IST" finished-at="2020-01-03T10:31:36 IST">
          <reporter-output>
          </reporter-output>
        </test-method> <!-- tearDown -->
      </class> <!-- com.project.Test.loginTest -->
    </test> <!-- Default test -->
  </suite> <!-- Default suite -->
</testng-results>
