<?xml version="1.0" encoding="UTF-8"?>
<testng-results skipped="0" failed="0" ignored="0" total="1" passed="1">
  <reporter-output>
  </reporter-output>
  <suite name="Suite" duration-ms="266291" started-at="2020-01-08T13:38:12 IST" finished-at="2020-01-08T13:42:38 IST">
    <groups>
    </groups>
    <test name="TestGroup" duration-ms="266291" started-at="2020-01-08T13:38:12 IST" finished-at="2020-01-08T13:42:38 IST">
      <class name="com.project.Test.loginTest">
        <test-method status="PASS" signature="setupDeviceCapability()[pri:0, instance:com.project.Test.loginTest@58c1670b]" name="setupDeviceCapability" is-config="true" duration-ms="127287" started-at="2020-01-08T13:38:12 IST" finished-at="2020-01-08T13:40:19 IST">
          <reporter-output>
          </reporter-output>
        </test-method> <!-- setupDeviceCapability -->
        <test-method status="PASS" signature="goTologinPageswithValide()[pri:0, instance:com.project.Test.loginTest@58c1670b]" name="goTologinPageswithValide" duration-ms="137656" started-at="2020-01-08T13:40:19 IST" description="Go to login Pages with valid email and password" finished-at="2020-01-08T13:42:37 IST">
          <reporter-output>
          </reporter-output>
        </test-method> <!-- goTologinPageswithValide -->
        <test-method status="PASS" signature="tearDown()[pri:0, instance:com.project.Test.loginTest@58c1670b]" name="tearDown" is-config="true" duration-ms="1295" started-at="2020-01-08T13:42:37 IST" finished-at="2020-01-08T13:42:38 IST">
          <reporter-output>
          </reporter-output>
        </test-method> <!-- tearDown -->
      </class> <!-- com.project.Test.loginTest -->
    </test> <!-- TestGroup -->
  </suite> <!-- Suite -->
</testng-results>
